This file contains any messages produced by compilers while
running configure, to aid debugging if configure makes a mistake.

It was created by libpqxx configure 5.0, which was
generated by GNU Autoconf 2.69.  Invocation command line was

  $ ./configure 

## --------- ##
## Platform. ##
## --------- ##

hostname = localhost.localdomain
uname -m = x86_64
uname -r = 4.9.8-201.fc25.x86_64
uname -s = Linux
uname -v = #1 SMP Tue Feb 7 11:28:07 UTC 2017

/usr/bin/uname -p = x86_64
/bin/uname -X     = unknown

/bin/arch              = x86_64
/usr/bin/arch -k       = unknown
/usr/convex/getsysinfo = unknown
/usr/bin/hostinfo      = unknown
/bin/machine           = unknown
/usr/bin/oslevel       = unknown
/bin/universe          = unknown

PATH: /usr/lib64/qt-3.3/bin
PATH: /usr/local/bin
PATH: /usr/local/sbin
PATH: /usr/bin
PATH: /usr/sbin
PATH: /home/pjahoda/.local/bin
PATH: /home/pjahoda/bin
PATH: /usr/bin


## ----------- ##
## Core tests. ##
## ----------- ##

configure:2471: checking for a BSD-compatible install
configure:2539: result: /usr/bin/install -c
configure:2550: checking whether build environment is sane
configure:2605: result: yes
configure:2756: checking for a thread-safe mkdir -p
configure:2795: result: /usr/bin/mkdir -p
configure:2802: checking for gawk
configure:2818: found /usr/bin/gawk
configure:2829: result: gawk
configure:2840: checking whether make sets $(MAKE)
configure:2862: result: yes
configure:2891: checking whether make supports nested variables
configure:2908: result: yes
configure:3108: checking for g++
configure:3124: found /usr/bin/g++
configure:3135: result: g++
configure:3162: checking for C++ compiler version
configure:3171: g++ --version >&5
g++ (GCC) 6.3.1 20161221 (Red Hat 6.3.1-1)
Copyright (C) 2016 Free Software Foundation, Inc.
This is free software; see the source for copying conditions.  There is NO
warranty; not even for MERCHANTABILITY or FITNESS FOR A PARTICULAR PURPOSE.

configure:3182: $? = 0
configure:3171: g++ -v >&5
Using built-in specs.
COLLECT_GCC=g++
COLLECT_LTO_WRAPPER=/usr/libexec/gcc/x86_64-redhat-linux/6.3.1/lto-wrapper
Target: x86_64-redhat-linux
Configured with: ../configure --enable-bootstrap --enable-languages=c,c++,objc,obj-c++,fortran,ada,go,lto --prefix=/usr --mandir=/usr/share/man --infodir=/usr/share/info --with-bugurl=http://bugzilla.redhat.com/bugzilla --enable-shared --enable-threads=posix --enable-checking=release --enable-multilib --with-system-zlib --enable-__cxa_atexit --disable-libunwind-exceptions --enable-gnu-unique-object --enable-linker-build-id --with-linker-hash-style=gnu --enable-plugin --enable-initfini-array --disable-libgcj --with-isl --enable-libmpx --enable-gnu-indirect-function --with-tune=generic --with-arch_32=i686 --build=x86_64-redhat-linux
Thread model: posix
gcc version 6.3.1 20161221 (Red Hat 6.3.1-1) (GCC) 
configure:3182: $? = 0
configure:3171: g++ -V >&5
g++: error: unrecognized command line option '-V'
g++: fatal error: no input files
compilation terminated.
configure:3182: $? = 1
configure:3171: g++ -qversion >&5
g++: error: unrecognized command line option '-qversion'; did you mean '--version'?
g++: fatal error: no input files
compilation terminated.
configure:3182: $? = 1
configure:3202: checking whether the C++ compiler works
configure:3224: g++    conftest.cpp  >&5
configure:3228: $? = 0
configure:3276: result: yes
configure:3279: checking for C++ compiler default output file name
configure:3281: result: a.out
configure:3287: checking for suffix of executables
configure:3294: g++ -o conftest    conftest.cpp  >&5
configure:3298: $? = 0
configure:3320: result: 
configure:3342: checking whether we are cross compiling
configure:3350: g++ -o conftest    conftest.cpp  >&5
configure:3354: $? = 0
configure:3361: ./conftest
configure:3365: $? = 0
configure:3380: result: no
configure:3385: checking for suffix of object files
configure:3407: g++ -c   conftest.cpp >&5
configure:3411: $? = 0
configure:3432: result: o
configure:3436: checking whether we are using the GNU C++ compiler
configure:3455: g++ -c   conftest.cpp >&5
configure:3455: $? = 0
configure:3464: result: yes
configure:3473: checking whether g++ accepts -g
configure:3493: g++ -c -g  conftest.cpp >&5
configure:3493: $? = 0
configure:3534: result: yes
configure:3568: checking for style of include used by make
configure:3596: result: GNU
configure:3622: checking dependency style of g++
configure:3733: result: gcc3
configure:3796: checking for gcc
configure:3812: found /usr/bin/gcc
configure:3823: result: gcc
configure:4052: checking for C compiler version
configure:4061: gcc --version >&5
gcc (GCC) 6.3.1 20161221 (Red Hat 6.3.1-1)
Copyright (C) 2016 Free Software Foundation, Inc.
This is free software; see the source for copying conditions.  There is NO
warranty; not even for MERCHANTABILITY or FITNESS FOR A PARTICULAR PURPOSE.

configure:4072: $? = 0
configure:4061: gcc -v >&5
Using built-in specs.
COLLECT_GCC=gcc
COLLECT_LTO_WRAPPER=/usr/libexec/gcc/x86_64-redhat-linux/6.3.1/lto-wrapper
Target: x86_64-redhat-linux
Configured with: ../configure --enable-bootstrap --enable-languages=c,c++,objc,obj-c++,fortran,ada,go,lto --prefix=/usr --mandir=/usr/share/man --infodir=/usr/share/info --with-bugurl=http://bugzilla.redhat.com/bugzilla --enable-shared --enable-threads=posix --enable-checking=release --enable-multilib --with-system-zlib --enable-__cxa_atexit --disable-libunwind-exceptions --enable-gnu-unique-object --enable-linker-build-id --with-linker-hash-style=gnu --enable-plugin --enable-initfini-array --disable-libgcj --with-isl --enable-libmpx --enable-gnu-indirect-function --with-tune=generic --with-arch_32=i686 --build=x86_64-redhat-linux
Thread model: posix
gcc version 6.3.1 20161221 (Red Hat 6.3.1-1) (GCC) 
configure:4072: $? = 0
configure:4061: gcc -V >&5
gcc: error: unrecognized command line option '-V'
gcc: fatal error: no input files
compilation terminated.
configure:4072: $? = 1
configure:4061: gcc -qversion >&5
gcc: error: unrecognized command line option '-qversion'; did you mean '--version'?
gcc: fatal error: no input files
compilation terminated.
configure:4072: $? = 1
configure:4076: checking whether we are using the GNU C compiler
configure:4095: gcc -c   conftest.c >&5
configure:4095: $? = 0
configure:4104: result: yes
configure:4113: checking whether gcc accepts -g
configure:4133: gcc -c -g  conftest.c >&5
configure:4133: $? = 0
configure:4174: result: yes
configure:4191: checking for gcc option to accept ISO C89
configure:4254: gcc  -c -g -O2  conftest.c >&5
configure:4254: $? = 0
configure:4267: result: none needed
configure:4292: checking whether gcc understands -c and -o together
configure:4314: gcc -c conftest.c -o conftest2.o
configure:4317: $? = 0
configure:4314: gcc -c conftest.c -o conftest2.o
configure:4317: $? = 0
configure:4329: result: yes
configure:4348: checking dependency style of gcc
configure:4459: result: gcc3
configure:4535: checking build system type
configure:4549: result: x86_64-unknown-linux-gnu
configure:4569: checking host system type
configure:4582: result: x86_64-unknown-linux-gnu
configure:4623: checking how to print strings
configure:4650: result: printf
configure:4671: checking for a sed that does not truncate output
configure:4735: result: /usr/bin/sed
configure:4753: checking for grep that handles long lines and -e
configure:4811: result: /usr/bin/grep
configure:4816: checking for egrep
configure:4878: result: /usr/bin/grep -E
configure:4883: checking for fgrep
configure:4945: result: /usr/bin/grep -F
configure:4980: checking for ld used by gcc
configure:5047: result: /usr/bin/ld
configure:5054: checking if the linker (/usr/bin/ld) is GNU ld
configure:5069: result: yes
configure:5081: checking for BSD- or MS-compatible name lister (nm)
configure:5130: result: /usr/bin/nm -B
configure:5260: checking the name lister (/usr/bin/nm -B) interface
configure:5267: g++ -c -g -O2  conftest.cpp >&5
configure:5270: /usr/bin/nm -B "conftest.o"
configure:5273: output
0000000000000000 B some_variable
configure:5280: result: BSD nm
configure:5283: checking whether ln -s works
configure:5287: result: yes
configure:5295: checking the maximum length of command line arguments
configure:5426: result: 1572864
configure:5443: checking whether the shell understands some XSI constructs
configure:5453: result: yes
configure:5457: checking whether the shell understands "+="
configure:5463: result: yes
configure:5498: checking how to convert x86_64-unknown-linux-gnu file names to x86_64-unknown-linux-gnu format
configure:5538: result: func_convert_file_noop
configure:5545: checking how to convert x86_64-unknown-linux-gnu file names to toolchain format
configure:5565: result: func_convert_file_noop
configure:5572: checking for /usr/bin/ld option to reload object files
configure:5579: result: -r
configure:5653: checking for objdump
configure:5669: found /usr/bin/objdump
configure:5680: result: objdump
configure:5712: checking how to recognize dependent libraries
configure:5910: result: pass_all
configure:5995: checking for dlltool
configure:6025: result: no
configure:6055: checking how to associate runtime and link libraries
configure:6082: result: printf %s\n
configure:6143: checking for ar
configure:6159: found /usr/bin/ar
configure:6170: result: ar
configure:6207: checking for archiver @FILE support
configure:6224: g++ -c -g -O2  conftest.cpp >&5
configure:6224: $? = 0
configure:6227: ar cru libconftest.a @conftest.lst >&5
configure:6230: $? = 0
configure:6235: ar cru libconftest.a @conftest.lst >&5
ar: conftest.o: No such file or directory
configure:6238: $? = 1
configure:6250: result: @
configure:6308: checking for strip
configure:6324: found /usr/bin/strip
configure:6335: result: strip
configure:6407: checking for ranlib
configure:6423: found /usr/bin/ranlib
configure:6434: result: ranlib
configure:6536: checking command to parse /usr/bin/nm -B output from gcc object
configure:6656: g++ -c -g -O2  conftest.cpp >&5
configure:6659: $? = 0
configure:6663: /usr/bin/nm -B conftest.o \| sed -n -e 's/^.*[ ]\([ABCDGIRSTW][ABCDGIRSTW]*\)[ ][ ]*\([_A-Za-z][_A-Za-z0-9]*\)$/\1 \2 \2/p' | sed '/ __gnu_lto/d' \> conftest.nm
configure:6666: $? = 0
configure:6732: g++ -o conftest -g -O2   conftest.cpp conftstm.o >&5
configure:6735: $? = 0
configure:6773: result: ok
configure:6810: checking for sysroot
configure:6840: result: no
configure:6918: g++ -c -g -O2  conftest.cpp >&5
configure:6921: $? = 0
configure:7110: checking for mt
configure:7140: result: no
configure:7160: checking if : is a manifest tool
configure:7166: : '-?'
configure:7174: result: no
configure:7816: checking how to run the C preprocessor
configure:7847: gcc -E  conftest.c
configure:7847: $? = 0
configure:7861: gcc -E  conftest.c
conftest.c:11:28: fatal error: ac_nonexistent.h: No such file or directory
 #include <ac_nonexistent.h>
                            ^
compilation terminated.
configure:7861: $? = 1
configure: failed program was:
| /* confdefs.h */
| #define PACKAGE_NAME "libpqxx"
| #define PACKAGE_TARNAME "libpqxx"
| #define PACKAGE_VERSION "5.0"
| #define PACKAGE_STRING "libpqxx 5.0"
| #define PACKAGE_BUGREPORT "Jeroen T. Vermeulen <jtv@xs4all.nl>"
| #define PACKAGE_URL ""
| #define PACKAGE "libpqxx"
| #define VERSION "5.0"
| /* end confdefs.h.  */
| #include <ac_nonexistent.h>
configure:7886: result: gcc -E
configure:7906: gcc -E  conftest.c
configure:7906: $? = 0
configure:7920: gcc -E  conftest.c
conftest.c:11:28: fatal error: ac_nonexistent.h: No such file or directory
 #include <ac_nonexistent.h>
                            ^
compilation terminated.
configure:7920: $? = 1
configure: failed program was:
| /* confdefs.h */
| #define PACKAGE_NAME "libpqxx"
| #define PACKAGE_TARNAME "libpqxx"
| #define PACKAGE_VERSION "5.0"
| #define PACKAGE_STRING "libpqxx 5.0"
| #define PACKAGE_BUGREPORT "Jeroen T. Vermeulen <jtv@xs4all.nl>"
| #define PACKAGE_URL ""
| #define PACKAGE "libpqxx"
| #define VERSION "5.0"
| /* end confdefs.h.  */
| #include <ac_nonexistent.h>
configure:7949: checking for ANSI C header files
configure:7969: gcc -c -g -O2  conftest.c >&5
configure:7969: $? = 0
configure:8042: gcc -o conftest -g -O2   conftest.c  >&5
configure:8042: $? = 0
configure:8042: ./conftest
configure:8042: $? = 0
configure:8053: result: yes
configure:8066: checking for sys/types.h
configure:8066: gcc -c -g -O2  conftest.c >&5
configure:8066: $? = 0
configure:8066: result: yes
configure:8066: checking for sys/stat.h
configure:8066: gcc -c -g -O2  conftest.c >&5
configure:8066: $? = 0
configure:8066: result: yes
configure:8066: checking for stdlib.h
configure:8066: gcc -c -g -O2  conftest.c >&5
configure:8066: $? = 0
configure:8066: result: yes
configure:8066: checking for string.h
configure:8066: gcc -c -g -O2  conftest.c >&5
configure:8066: $? = 0
configure:8066: result: yes
configure:8066: checking for memory.h
configure:8066: gcc -c -g -O2  conftest.c >&5
configure:8066: $? = 0
configure:8066: result: yes
configure:8066: checking for strings.h
configure:8066: gcc -c -g -O2  conftest.c >&5
configure:8066: $? = 0
configure:8066: result: yes
configure:8066: checking for inttypes.h
configure:8066: gcc -c -g -O2  conftest.c >&5
configure:8066: $? = 0
configure:8066: result: yes
configure:8066: checking for stdint.h
configure:8066: gcc -c -g -O2  conftest.c >&5
configure:8066: $? = 0
configure:8066: result: yes
configure:8066: checking for unistd.h
configure:8066: gcc -c -g -O2  conftest.c >&5
configure:8066: $? = 0
configure:8066: result: yes
configure:8080: checking for dlfcn.h
configure:8080: gcc -c -g -O2  conftest.c >&5
configure:8080: $? = 0
configure:8080: result: yes
configure:8266: checking for objdir
configure:8281: result: .libs
configure:8552: checking if gcc supports -fno-rtti -fno-exceptions
configure:8570: gcc -c -g -O2  -fno-rtti -fno-exceptions conftest.c >&5
cc1: warning: command line option '-fno-rtti' is valid for C++/ObjC++ but not for C
configure:8574: $? = 0
configure:8587: result: no
configure:8914: checking for gcc option to produce PIC
configure:8921: result: -fPIC -DPIC
configure:8929: checking if gcc PIC flag -fPIC -DPIC works
configure:8947: gcc -c -g -O2  -fPIC -DPIC -DPIC conftest.c >&5
configure:8951: $? = 0
configure:8964: result: yes
configure:8993: checking if gcc static flag -static works
configure:9021: result: no
configure:9036: checking if gcc supports -c -o file.o
configure:9057: gcc -c -g -O2  -o out/conftest2.o conftest.c >&5
configure:9061: $? = 0
configure:9083: result: yes
configure:9091: checking if gcc supports -c -o file.o
configure:9138: result: yes
configure:9171: checking whether the gcc linker (/usr/bin/ld -m elf_x86_64) supports shared libraries
configure:10328: result: yes
configure:10568: checking dynamic linker characteristics
configure:11068: gcc -o conftest -g -O2   -Wl,-rpath -Wl,/foo conftest.c  >&5
configure:11068: $? = 0
configure:11302: result: GNU/Linux ld.so
configure:11409: checking how to hardcode library paths into programs
configure:11434: result: immediate
configure:11974: checking whether stripping libraries is possible
configure:11979: result: yes
configure:12014: checking if libtool supports shared libraries
configure:12016: result: yes
configure:12019: checking whether to build shared libraries
configure:12040: result: no
configure:12043: checking whether to build static libraries
configure:12047: result: yes
configure:12070: checking how to run the C++ preprocessor
configure:12097: g++ -E  conftest.cpp
configure:12097: $? = 0
configure:12111: g++ -E  conftest.cpp
conftest.cpp:23:28: fatal error: ac_nonexistent.h: No such file or directory
 #include <ac_nonexistent.h>
                            ^
compilation terminated.
configure:12111: $? = 1
configure: failed program was:
| /* confdefs.h */
| #define PACKAGE_NAME "libpqxx"
| #define PACKAGE_TARNAME "libpqxx"
| #define PACKAGE_VERSION "5.0"
| #define PACKAGE_STRING "libpqxx 5.0"
| #define PACKAGE_BUGREPORT "Jeroen T. Vermeulen <jtv@xs4all.nl>"
| #define PACKAGE_URL ""
| #define PACKAGE "libpqxx"
| #define VERSION "5.0"
| #define STDC_HEADERS 1
| #define HAVE_SYS_TYPES_H 1
| #define HAVE_SYS_STAT_H 1
| #define HAVE_STDLIB_H 1
| #define HAVE_STRING_H 1
| #define HAVE_MEMORY_H 1
| #define HAVE_STRINGS_H 1
| #define HAVE_INTTYPES_H 1
| #define HAVE_STDINT_H 1
| #define HAVE_UNISTD_H 1
| #define HAVE_DLFCN_H 1
| #define LT_OBJDIR ".libs/"
| /* end confdefs.h.  */
| #include <ac_nonexistent.h>
configure:12136: result: g++ -E
configure:12156: g++ -E  conftest.cpp
configure:12156: $? = 0
configure:12170: g++ -E  conftest.cpp
conftest.cpp:23:28: fatal error: ac_nonexistent.h: No such file or directory
 #include <ac_nonexistent.h>
                            ^
compilation terminated.
configure:12170: $? = 1
configure: failed program was:
| /* confdefs.h */
| #define PACKAGE_NAME "libpqxx"
| #define PACKAGE_TARNAME "libpqxx"
| #define PACKAGE_VERSION "5.0"
| #define PACKAGE_STRING "libpqxx 5.0"
| #define PACKAGE_BUGREPORT "Jeroen T. Vermeulen <jtv@xs4all.nl>"
| #define PACKAGE_URL ""
| #define PACKAGE "libpqxx"
| #define VERSION "5.0"
| #define STDC_HEADERS 1
| #define HAVE_SYS_TYPES_H 1
| #define HAVE_SYS_STAT_H 1
| #define HAVE_STDLIB_H 1
| #define HAVE_STRING_H 1
| #define HAVE_MEMORY_H 1
| #define HAVE_STRINGS_H 1
| #define HAVE_INTTYPES_H 1
| #define HAVE_STDINT_H 1
| #define HAVE_UNISTD_H 1
| #define HAVE_DLFCN_H 1
| #define LT_OBJDIR ".libs/"
| /* end confdefs.h.  */
| #include <ac_nonexistent.h>
configure:12339: checking for ld used by g++
configure:12406: result: /usr/bin/ld -m elf_x86_64
configure:12413: checking if the linker (/usr/bin/ld -m elf_x86_64) is GNU ld
configure:12428: result: yes
configure:12483: checking whether the g++ linker (/usr/bin/ld -m elf_x86_64) supports shared libraries
configure:13485: result: yes
configure:13521: g++ -c -g -O2  conftest.cpp >&5
configure:13524: $? = 0
configure:14044: checking for g++ option to produce PIC
configure:14051: result: -fPIC -DPIC
configure:14059: checking if g++ PIC flag -fPIC -DPIC works
configure:14077: g++ -c -g -O2  -fPIC -DPIC -DPIC conftest.cpp >&5
configure:14081: $? = 0
configure:14094: result: yes
configure:14117: checking if g++ static flag -static works
configure:14145: result: no
configure:14157: checking if g++ supports -c -o file.o
configure:14178: g++ -c -g -O2  -o out/conftest2.o conftest.cpp >&5
configure:14182: $? = 0
configure:14204: result: yes
configure:14209: checking if g++ supports -c -o file.o
configure:14256: result: yes
configure:14286: checking whether the g++ linker (/usr/bin/ld -m elf_x86_64) supports shared libraries
configure:14325: result: yes
configure:14466: checking dynamic linker characteristics
configure:15134: result: GNU/Linux ld.so
configure:15187: checking how to hardcode library paths into programs
configure:15212: result: immediate
configure:15273: checking whether make sets $(MAKE)
configure:15295: result: yes
configure:15306: checking for mkdir
configure:15324: found /usr/bin/mkdir
configure:15336: result: /usr/bin/mkdir
configure:15346: checking for pkg-config
configure:15364: found /usr/bin/pkg-config
configure:15376: result: /usr/bin/pkg-config
configure:15397: checking for doxygen
configure:15430: result: no
configure:15445: checking for dot
configure:15473: result: NO
configure:15483: checking for xmlto
configure:15516: result: no
configure:15550: checking whether to enable maintainer-specific portions of Makefiles
configure:15559: result: no
configure:15574: checking maintainer mode
configure:15581: result: 
configure:15598: checking whether g++ accepts -Wno-long-long
configure:15611: g++ -c -g -O2 -Wno-long-long  conftest.cpp >&5
configure:15611: $? = 0
configure:15617: result: yes
configure:15669: checking g++ visibility attribute
configure:15687: g++ -c -g -O2 -Wno-long-long -Werror  conftest.cpp >&5
configure:15687: $? = 0
configure:15695: result: yes
configure:15598: checking whether g++ accepts -fvisibility=hidden
configure:15611: g++ -c -g -O2 -Wno-long-long -fvisibility=hidden  conftest.cpp >&5
configure:15611: $? = 0
configure:15617: result: yes
configure:15598: checking whether g++ accepts -fvisibility-inlines-hidden
configure:15611: g++ -c -g -O2 -Wno-long-long -fvisibility=hidden -fvisibility-inlines-hidden  conftest.cpp >&5
configure:15611: $? = 0
configure:15617: result: yes
configure:15705: checking g++ const attribute
configure:15719: g++ -c -g -O2 -Wno-long-long -fvisibility=hidden -fvisibility-inlines-hidden  conftest.cpp >&5
configure:15719: $? = 0
configure:15727: result: yes
configure:15730: checking C++14 deprecation attribute
configure:15744: g++ -c -g -O2 -Wno-long-long -fvisibility=hidden -fvisibility-inlines-hidden  conftest.cpp >&5
configure:15744: $? = 0
configure:15752: result: yes
configure:15755: checking g++ deprecation attribute
configure:15769: g++ -c -g -O2 -Wno-long-long -fvisibility=hidden -fvisibility-inlines-hidden  conftest.cpp >&5
configure:15769: $? = 0
configure:15777: result: yes
configure:15780: checking C++11 noreturn attribute
configure:15797: g++ -c -g -O2 -Wno-long-long -fvisibility=hidden -fvisibility-inlines-hidden  conftest.cpp >&5
configure:15797: $? = 0
configure:15805: result: yes
configure:15808: checking g++ noreturn attribute
configure:15825: g++ -c -g -O2 -Wno-long-long -fvisibility=hidden -fvisibility-inlines-hidden  conftest.cpp >&5
configure:15825: $? = 0
configure:15833: result: yes
configure:15836: checking g++ pure attribute
configure:15850: g++ -c -g -O2 -Wno-long-long -fvisibility=hidden -fvisibility-inlines-hidden  conftest.cpp >&5
configure:15850: $? = 0
configure:15858: result: yes
configure:15863: checking for C++11 noexcept support
configure:15877: g++ -c -g -O2 -Wno-long-long -fvisibility=hidden -fvisibility-inlines-hidden  conftest.cpp >&5
configure:15877: $? = 0
configure:15885: result: yes
configure:15888: checking for C++14 override support
configure:15905: g++ -c -g -O2 -Wno-long-long -fvisibility=hidden -fvisibility-inlines-hidden  conftest.cpp >&5
configure:15905: $? = 0
configure:15913: result: yes
configure:15916: checking for C++14 "=delete" support
configure:15930: g++ -c -g -O2 -Wno-long-long -fvisibility=hidden -fvisibility-inlines-hidden  conftest.cpp >&5
configure:15930: $? = 0
configure:15938: result: yes
configure:15941: checking for C++14 final support
configure:15955: g++ -c -g -O2 -Wno-long-long -fvisibility=hidden -fvisibility-inlines-hidden  conftest.cpp >&5
configure:15955: $? = 0
configure:15963: result: yes
configure:15968: checking boost/smart_ptr.hpp usability
configure:15968: g++ -c -g -O2 -Wno-long-long -fvisibility=hidden -fvisibility-inlines-hidden  conftest.cpp >&5
conftest.cpp:67:31: fatal error: boost/smart_ptr.hpp: No such file or directory
 #include <boost/smart_ptr.hpp>
                               ^
compilation terminated.
configure:15968: $? = 1
configure: failed program was:
| /* confdefs.h */
| #define PACKAGE_NAME "libpqxx"
| #define PACKAGE_TARNAME "libpqxx"
| #define PACKAGE_VERSION "5.0"
| #define PACKAGE_STRING "libpqxx 5.0"
| #define PACKAGE_BUGREPORT "Jeroen T. Vermeulen <jtv@xs4all.nl>"
| #define PACKAGE_URL ""
| #define PACKAGE "libpqxx"
| #define VERSION "5.0"
| #define STDC_HEADERS 1
| #define HAVE_SYS_TYPES_H 1
| #define HAVE_SYS_STAT_H 1
| #define HAVE_STDLIB_H 1
| #define HAVE_STRING_H 1
| #define HAVE_MEMORY_H 1
| #define HAVE_STRINGS_H 1
| #define HAVE_INTTYPES_H 1
| #define HAVE_STDINT_H 1
| #define HAVE_UNISTD_H 1
| #define HAVE_DLFCN_H 1
| #define LT_OBJDIR ".libs/"
| #define PQXX_HAVE_GCC_VISIBILITY 1
| #define PQXX_HAVE_GCC_CONST 1
| #define PQXX_HAVE_DEPRECATED 1
| #define PQXX_HAVE_GCC_DEPRECATED 1
| #define PQXX_HAVE_NORETURN 1
| #define PQXX_HAVE_GCC_NORETURN 1
| #define PQXX_HAVE_GCC_PURE 1
| #define PQXX_HAVE_NOEXCEPT 1
| #define PQXX_HAVE_OVERRIDE 1
| #define PQXX_HAVE_DELETED_OP 1
| #define PQXX_HAVE_FINAL 1
| /* end confdefs.h.  */
| #include <stdio.h>
| #ifdef HAVE_SYS_TYPES_H
| # include <sys/types.h>
| #endif
| #ifdef HAVE_SYS_STAT_H
| # include <sys/stat.h>
| #endif
| #ifdef STDC_HEADERS
| # include <stdlib.h>
| # include <stddef.h>
| #else
| # ifdef HAVE_STDLIB_H
| #  include <stdlib.h>
| # endif
| #endif
| #ifdef HAVE_STRING_H
| # if !defined STDC_HEADERS && defined HAVE_MEMORY_H
| #  include <memory.h>
| # endif
| # include <string.h>
| #endif
| #ifdef HAVE_STRINGS_H
| # include <strings.h>
| #endif
| #ifdef HAVE_INTTYPES_H
| # include <inttypes.h>
| #endif
| #ifdef HAVE_STDINT_H
| # include <stdint.h>
| #endif
| #ifdef HAVE_UNISTD_H
| # include <unistd.h>
| #endif
| #include <boost/smart_ptr.hpp>
configure:15968: result: no
configure:15968: checking boost/smart_ptr.hpp presence
configure:15968: g++ -E  conftest.cpp
conftest.cpp:34:31: fatal error: boost/smart_ptr.hpp: No such file or directory
 #include <boost/smart_ptr.hpp>
                               ^
compilation terminated.
configure:15968: $? = 1
configure: failed program was:
| /* confdefs.h */
| #define PACKAGE_NAME "libpqxx"
| #define PACKAGE_TARNAME "libpqxx"
| #define PACKAGE_VERSION "5.0"
| #define PACKAGE_STRING "libpqxx 5.0"
| #define PACKAGE_BUGREPORT "Jeroen T. Vermeulen <jtv@xs4all.nl>"
| #define PACKAGE_URL ""
| #define PACKAGE "libpqxx"
| #define VERSION "5.0"
| #define STDC_HEADERS 1
| #define HAVE_SYS_TYPES_H 1
| #define HAVE_SYS_STAT_H 1
| #define HAVE_STDLIB_H 1
| #define HAVE_STRING_H 1
| #define HAVE_MEMORY_H 1
| #define HAVE_STRINGS_H 1
| #define HAVE_INTTYPES_H 1
| #define HAVE_STDINT_H 1
| #define HAVE_UNISTD_H 1
| #define HAVE_DLFCN_H 1
| #define LT_OBJDIR ".libs/"
| #define PQXX_HAVE_GCC_VISIBILITY 1
| #define PQXX_HAVE_GCC_CONST 1
| #define PQXX_HAVE_DEPRECATED 1
| #define PQXX_HAVE_GCC_DEPRECATED 1
| #define PQXX_HAVE_NORETURN 1
| #define PQXX_HAVE_GCC_NORETURN 1
| #define PQXX_HAVE_GCC_PURE 1
| #define PQXX_HAVE_NOEXCEPT 1
| #define PQXX_HAVE_OVERRIDE 1
| #define PQXX_HAVE_DELETED_OP 1
| #define PQXX_HAVE_FINAL 1
| /* end confdefs.h.  */
| #include <boost/smart_ptr.hpp>
configure:15968: result: no
configure:15968: checking for boost/smart_ptr.hpp
configure:15968: result: no
configure:15982: checking "warning" preprocessor directive
configure:15996: g++ -c -g -O2 -Wno-long-long -fvisibility=hidden -fvisibility-inlines-hidden  conftest.cpp >&5
conftest.cpp:34:2: warning: #warning cpp supports warning directive [-Wcpp]
 #warning cpp supports warning directive
  ^~~~~~~
configure:15996: $? = 0
configure:16004: result: yes
configure:16007: checking "message" preprocessor pragma
configure:16021: g++ -c -g -O2 -Wno-long-long -fvisibility=hidden -fvisibility-inlines-hidden  conftest.cpp >&5
conftest.cpp:35:46: note: #pragma message: cpp supports message pragma
 #pragma message("cpp supports message pragma")
                                              ^
configure:16021: $? = 0
configure:16029: result: yes
configure:16037: checking for pg_config
configure:16055: found /usr/bin/pg_config
configure:16067: result: /usr/bin/pg_config
configure:16097: using PostgreSQL headers at /usr/include
configure:16114: using PostgreSQL libraries at /usr/lib64
configure:16121: checking for ANSI C header files
configure:16225: result: yes
configure:16234: checking ability to compile programs using the standard C library
configure:16250: g++ -c -g -O2 -Wno-long-long -fvisibility=hidden -fvisibility-inlines-hidden  conftest.cpp >&5
configure:16250: $? = 0
configure:16267: result: yes
configure:16273: checking for library containing select
configure:16304: g++ -o conftest -g -O2 -Wno-long-long -fvisibility=hidden -fvisibility-inlines-hidden   conftest.cpp  >&5
configure:16304: $? = 0
configure:16321: result: none required
configure:16385: checking /usr/include/libpq-fe.h usability
configure:16385: g++ -c -g -O2 -Wno-long-long -fvisibility=hidden -fvisibility-inlines-hidden  conftest.cpp >&5
configure:16385: $? = 0
configure:16385: result: yes
configure:16385: checking /usr/include/libpq-fe.h presence
configure:16385: g++ -E  conftest.cpp
configure:16385: $? = 0
configure:16385: result: yes
configure:16385: checking for /usr/include/libpq-fe.h
configure:16385: result: yes
configure:16405: checking for ability to compile source files using libpq
configure:16418: g++ -c -g -O2 -Wno-long-long -fvisibility=hidden -fvisibility-inlines-hidden  conftest.cpp >&5
configure:16418: $? = 0
configure:16431: result: yes
configure:16445: checking for main in -lpq
configure:16464: gcc -o conftest -g -O2   -L/usr/lib64 conftest.c -lpq -L/usr/lib64  >&5
configure:16464: $? = 0
configure:16473: result: yes
configure:16492: checking for PQexec in -lpq
configure:16517: gcc -o conftest -g -O2   -L/usr/lib64 conftest.c -lpq -L/usr/lib64 -lpq  >&5
configure:16517: $? = 0
configure:16526: result: yes
configure:16564: checking for correct C++ linkage of basic libpq functions
configure:16607: g++ -o conftest -g -O2 -Wno-long-long -fvisibility=hidden -fvisibility-inlines-hidden   -L/usr/lib64 conftest.cpp -lpq -lpq  >&5
configure:16607: $? = 0
configure:16622: result: yes
configure:16626: checking that type of libpq's Oid is as expected
configure:16641: g++ -c -g -O2 -Wno-long-long -fvisibility=hidden -fvisibility-inlines-hidden  conftest.cpp >&5
configure:16641: $? = 0
configure:16650: result: yes
configure:16653: checking for strerror_r
configure:16669: g++ -c -g -O2 -Wno-long-long -fvisibility=hidden -fvisibility-inlines-hidden  conftest.cpp >&5
configure:16669: $? = 0
configure:16677: result: yes
configure:16695: checking for GNU-style strerror_r
configure:16711: g++ -c -g -O2 -Wno-long-long -fvisibility=hidden -fvisibility-inlines-hidden  conftest.cpp >&5
configure:16711: $? = 0
configure:16719: result: yes
configure:16724: checking for strlcpy
configure:16739: g++ -c -g -O2 -Wno-long-long -fvisibility=hidden -fvisibility-inlines-hidden  conftest.cpp >&5
conftest.cpp: In function 'int main()':
conftest.cpp:46:36: error: 'strlcpy' was not declared in this scope
 char buf[2];return strlcpy(buf,"",1)
                                    ^
configure:16739: $? = 1
configure: failed program was:
| /* confdefs.h */
| #define PACKAGE_NAME "libpqxx"
| #define PACKAGE_TARNAME "libpqxx"
| #define PACKAGE_VERSION "5.0"
| #define PACKAGE_STRING "libpqxx 5.0"
| #define PACKAGE_BUGREPORT "Jeroen T. Vermeulen <jtv@xs4all.nl>"
| #define PACKAGE_URL ""
| #define PACKAGE "libpqxx"
| #define VERSION "5.0"
| #define STDC_HEADERS 1
| #define HAVE_SYS_TYPES_H 1
| #define HAVE_SYS_STAT_H 1
| #define HAVE_STDLIB_H 1
| #define HAVE_STRING_H 1
| #define HAVE_MEMORY_H 1
| #define HAVE_STRINGS_H 1
| #define HAVE_INTTYPES_H 1
| #define HAVE_STDINT_H 1
| #define HAVE_UNISTD_H 1
| #define HAVE_DLFCN_H 1
| #define LT_OBJDIR ".libs/"
| #define PQXX_HAVE_GCC_VISIBILITY 1
| #define PQXX_HAVE_GCC_CONST 1
| #define PQXX_HAVE_DEPRECATED 1
| #define PQXX_HAVE_GCC_DEPRECATED 1
| #define PQXX_HAVE_NORETURN 1
| #define PQXX_HAVE_GCC_NORETURN 1
| #define PQXX_HAVE_GCC_PURE 1
| #define PQXX_HAVE_NOEXCEPT 1
| #define PQXX_HAVE_OVERRIDE 1
| #define PQXX_HAVE_DELETED_OP 1
| #define PQXX_HAVE_FINAL 1
| #define PQXX_HAVE_CPP_WARNING 1
| #define PQXX_HAVE_CPP_PRAGMA_MESSAGE 1
| #define STDC_HEADERS 1
| #define HAVE_LIBPQ 1
| #define HAVE_LIBPQ 1
| #define PQXX_HAVE_STRERROR_R 1
| #define PQXX_HAVE_STRERROR_R_GNU 1
| /* end confdefs.h.  */
| #include <cstring>
| 	namespace std {} using namespace std;
| int
| main ()
| {
| char buf[2];return strlcpy(buf,"",1)
|   ;
|   return 0;
| }
configure:16747: result: no
configure:16750: checking for working <sys/select.h>
configure:16768: g++ -c -g -O2 -Wno-long-long -fvisibility=hidden -fvisibility-inlines-hidden  conftest.cpp >&5
configure:16768: $? = 0
configure:16778: result: yes
configure:16782: checking for poll()
configure:16797: g++ -c -g -O2 -Wno-long-long -fvisibility=hidden -fvisibility-inlines-hidden  conftest.cpp >&5
configure:16797: $? = 0
configure:16806: result: yes
configure:16813: checking for working fd_set
configure:16876: g++ -c -g -O2 -Wno-long-long -fvisibility=hidden -fvisibility-inlines-hidden  conftest.cpp >&5
configure:16876: $? = 0
configure:16891: result: yes
configure:16895: checking if select() accepts NULL fdsets
configure:16923: g++ -o conftest -g -O2 -Wno-long-long -fvisibility=hidden -fvisibility-inlines-hidden   -L/usr/lib64 conftest.cpp -lpq -lpq  >&5
configure:16923: $? = 0
configure:16923: ./conftest
configure:16923: $? = 0
configure:16934: result: yes
configure:16938: checking sleep()
configure:16955: g++ -c -g -O2 -Wno-long-long -fvisibility=hidden -fvisibility-inlines-hidden  conftest.cpp >&5
configure:16955: $? = 0
configure:16964: result: yes
configure:16968: checking for isnan()
configure:16984: g++ -c -g -O2 -Wno-long-long -fvisibility=hidden -fvisibility-inlines-hidden  conftest.cpp >&5
configure:16984: $? = 0
configure:16993: result: yes
configure:16996: checking for isinf()
configure:17012: g++ -c -g -O2 -Wno-long-long -fvisibility=hidden -fvisibility-inlines-hidden  conftest.cpp >&5
configure:17012: $? = 0
configure:17021: result: yes
configure:17024: checking for standard distance()
configure:17039: g++ -c -g -O2 -Wno-long-long -fvisibility=hidden -fvisibility-inlines-hidden  conftest.cpp >&5
configure:17039: $? = 0
configure:17047: result: yes
configure:17050: checking for shared_ptr
configure:17064: g++ -c -g -O2 -Wno-long-long -fvisibility=hidden -fvisibility-inlines-hidden  conftest.cpp >&5
configure:17064: $? = 0
configure:17072: result: yes
configure:17075: checking for unique_ptr
configure:17092: g++ -c -g -O2 -Wno-long-long -fvisibility=hidden -fvisibility-inlines-hidden  conftest.cpp >&5
configure:17092: $? = 0
configure:17100: result: yes
configure:17103: checking for move()
configure:17120: g++ -c -g -O2 -Wno-long-long -fvisibility=hidden -fvisibility-inlines-hidden  conftest.cpp >&5
configure:17120: $? = 0
configure:17128: result: yes
configure:17131: checking whether make sets $(MAKE)
configure:17153: result: yes
configure:17279: checking that generated files are newer than configure
configure:17285: result: done
configure:17332: creating ./config.status

## ---------------------- ##
## Running config.status. ##
## ---------------------- ##

This file was extended by libpqxx config.status 5.0, which was
generated by GNU Autoconf 2.69.  Invocation command line was

  CONFIG_FILES    = 
  CONFIG_HEADERS  = 
  CONFIG_LINKS    = 
  CONFIG_COMMANDS = 
  $ ./config.status 

on localhost.localdomain

config.status:1205: creating Makefile
config.status:1205: creating config/Makefile
config.status:1205: creating doc/Makefile
config.status:1205: creating doc/Doxyfile
config.status:1205: creating src/Makefile
config.status:1205: creating test/Makefile
config.status:1205: creating test/unit/Makefile
config.status:1205: creating tools/Makefile
config.status:1205: creating win32/Makefile
config.status:1205: creating include/Makefile
config.status:1205: creating include/pqxx/Makefile
config.status:1205: creating libpqxx.pc
config.status:1205: creating pqxx-config
config.status:1205: creating include/pqxx/config.h
config.status:1434: executing depfiles commands
config.status:1434: executing libtool commands
config.status:1434: executing configitems commands

## ---------------- ##
## Cache variables. ##
## ---------------- ##

ac_cv_build=x86_64-unknown-linux-gnu
ac_cv_c_compiler_gnu=yes
ac_cv_cxx_compiler_gnu=yes
ac_cv_env_CCC_set=
ac_cv_env_CCC_value=
ac_cv_env_CC_set=
ac_cv_env_CC_value=
ac_cv_env_CFLAGS_set=
ac_cv_env_CFLAGS_value=
ac_cv_env_CPPFLAGS_set=
ac_cv_env_CPPFLAGS_value=
ac_cv_env_CPP_set=
ac_cv_env_CPP_value=
ac_cv_env_CXXCPP_set=
ac_cv_env_CXXCPP_value=
ac_cv_env_CXXFLAGS_set=
ac_cv_env_CXXFLAGS_value=
ac_cv_env_CXX_set=
ac_cv_env_CXX_value=
ac_cv_env_LDFLAGS_set=
ac_cv_env_LDFLAGS_value=
ac_cv_env_LIBS_set=
ac_cv_env_LIBS_value=
ac_cv_env_build_alias_set=
ac_cv_env_build_alias_value=
ac_cv_env_host_alias_set=
ac_cv_env_host_alias_value=
ac_cv_env_target_alias_set=
ac_cv_env_target_alias_value=
ac_cv_header__usr_include_libpq_fe_h=yes
ac_cv_header_boost_smart_ptr_hpp=no
ac_cv_header_dlfcn_h=yes
ac_cv_header_inttypes_h=yes
ac_cv_header_memory_h=yes
ac_cv_header_stdc=yes
ac_cv_header_stdint_h=yes
ac_cv_header_stdlib_h=yes
ac_cv_header_string_h=yes
ac_cv_header_strings_h=yes
ac_cv_header_sys_stat_h=yes
ac_cv_header_sys_types_h=yes
ac_cv_header_unistd_h=yes
ac_cv_host=x86_64-unknown-linux-gnu
ac_cv_lib_pq=ac_cv_lib_pq_main
ac_cv_lib_pq_PQexec=yes
ac_cv_lib_pq_main=yes
ac_cv_objext=o
ac_cv_path_EGREP='/usr/bin/grep -E'
ac_cv_path_FGREP='/usr/bin/grep -F'
ac_cv_path_GREP=/usr/bin/grep
ac_cv_path_MKDIR=/usr/bin/mkdir
ac_cv_path_PG_CONFIG=/usr/bin/pg_config
ac_cv_path_PKG_CONFIG=/usr/bin/pkg-config
ac_cv_path_SED=/usr/bin/sed
ac_cv_path_install='/usr/bin/install -c'
ac_cv_path_mkdir=/usr/bin/mkdir
ac_cv_prog_AWK=gawk
ac_cv_prog_CPP='gcc -E'
ac_cv_prog_CXXCPP='g++ -E'
ac_cv_prog_HAVE_DOT=NO
ac_cv_prog_ac_ct_AR=ar
ac_cv_prog_ac_ct_CC=gcc
ac_cv_prog_ac_ct_CXX=g++
ac_cv_prog_ac_ct_OBJDUMP=objdump
ac_cv_prog_ac_ct_RANLIB=ranlib
ac_cv_prog_ac_ct_STRIP=strip
ac_cv_prog_cc_c89=
ac_cv_prog_cc_g=yes
ac_cv_prog_cxx_g=yes
ac_cv_prog_make_make_set=yes
ac_cv_search_select='none required'
am_cv_CC_dependencies_compiler_type=gcc3
am_cv_CXX_dependencies_compiler_type=gcc3
am_cv_make_support_nested_variables=yes
am_cv_prog_cc_c_o=yes
lt_cv_ar_at_file=@
lt_cv_deplibs_check_method=pass_all
lt_cv_file_magic_cmd='$MAGIC_CMD'
lt_cv_file_magic_test_file=
lt_cv_ld_reload_flag=-r
lt_cv_nm_interface='BSD nm'
lt_cv_objdir=.libs
lt_cv_path_LD=/usr/bin/ld
lt_cv_path_LDCXX='/usr/bin/ld -m elf_x86_64'
lt_cv_path_NM='/usr/bin/nm -B'
lt_cv_path_mainfest_tool=no
lt_cv_prog_compiler_c_o=yes
lt_cv_prog_compiler_c_o_CXX=yes
lt_cv_prog_compiler_pic='-fPIC -DPIC'
lt_cv_prog_compiler_pic_CXX='-fPIC -DPIC'
lt_cv_prog_compiler_pic_works=yes
lt_cv_prog_compiler_pic_works_CXX=yes
lt_cv_prog_compiler_rtti_exceptions=no
lt_cv_prog_compiler_static_works=no
lt_cv_prog_compiler_static_works_CXX=no
lt_cv_prog_gnu_ld=yes
lt_cv_prog_gnu_ldcxx=yes
lt_cv_sharedlib_from_linklib_cmd='printf %s\n'
lt_cv_shlibpath_overrides_runpath=no
lt_cv_sys_global_symbol_pipe='sed -n -e '\''s/^.*[	 ]\([ABCDGIRSTW][ABCDGIRSTW]*\)[	 ][	 ]*\([_A-Za-z][_A-Za-z0-9]*\)$/\1 \2 \2/p'\'' | sed '\''/ __gnu_lto/d'\'''
lt_cv_sys_global_symbol_to_c_name_address='sed -n -e '\''s/^: \([^ ]*\)[ ]*$/  {\"\1\", (void *) 0},/p'\'' -e '\''s/^[ABCDGIRSTW]* \([^ ]*\) \([^ ]*\)$/  {"\2", (void *) \&\2},/p'\'''
lt_cv_sys_global_symbol_to_c_name_address_lib_prefix='sed -n -e '\''s/^: \([^ ]*\)[ ]*$/  {\"\1\", (void *) 0},/p'\'' -e '\''s/^[ABCDGIRSTW]* \([^ ]*\) \(lib[^ ]*\)$/  {"\2", (void *) \&\2},/p'\'' -e '\''s/^[ABCDGIRSTW]* \([^ ]*\) \([^ ]*\)$/  {"lib\2", (void *) \&\2},/p'\'''
lt_cv_sys_global_symbol_to_cdecl='sed -n -e '\''s/^T .* \(.*\)$/extern int \1();/p'\'' -e '\''s/^[ABCDGIRSTW]* .* \(.*\)$/extern char \1;/p'\'''
lt_cv_sys_max_cmd_len=1572864
lt_cv_to_host_file_cmd=func_convert_file_noop
lt_cv_to_tool_file_cmd=func_convert_file_noop

## ----------------- ##
## Output variables. ##
## ----------------- ##

ACLOCAL='${SHELL} /home/pjahoda/Desktop/libpqxx-5.0/config/missing aclocal-1.14'
AMDEPBACKSLASH='\'
AMDEP_FALSE='#'
AMDEP_TRUE=''
AMTAR='$${TAR-tar}'
AM_BACKSLASH='\'
AM_DEFAULT_V='$(AM_DEFAULT_VERBOSITY)'
AM_DEFAULT_VERBOSITY='1'
AM_V='$(V)'
AR='ar'
AUTOCONF='${SHELL} /home/pjahoda/Desktop/libpqxx-5.0/config/missing autoconf'
AUTOHEADER='${SHELL} /home/pjahoda/Desktop/libpqxx-5.0/config/missing autoheader'
AUTOMAKE='${SHELL} /home/pjahoda/Desktop/libpqxx-5.0/config/missing automake-1.14'
AWK='gawk'
BUILD_REFERENCE_FALSE='#'
BUILD_REFERENCE_TRUE=''
BUILD_TUTORIAL_FALSE='#'
BUILD_TUTORIAL_TRUE=''
CC='gcc'
CCDEPMODE='depmode=gcc3'
CFLAGS='-g -O2'
CPP='gcc -E'
CPPFLAGS=''
CXX='g++'
CXXCPP='g++ -E'
CXXDEPMODE='depmode=gcc3'
CXXFLAGS='-g -O2 -Wno-long-long -fvisibility=hidden -fvisibility-inlines-hidden'
CYGPATH_W='echo'
DEFS='-DHAVE_CONFIG_H'
DEPDIR='.deps'
DLLTOOL='false'
DOXYGEN=''
DSYMUTIL=''
DUMPBIN=''
ECHO_C=''
ECHO_N='-n'
ECHO_T=''
EGREP='/usr/bin/grep -E'
EXEEXT=''
FGREP='/usr/bin/grep -F'
GREP='/usr/bin/grep'
HAVE_DOT='NO'
INSTALL_DATA='${INSTALL} -m 644'
INSTALL_PROGRAM='${INSTALL}'
INSTALL_SCRIPT='${INSTALL}'
INSTALL_STRIP_PROGRAM='$(install_sh) -c -s'
LD='/usr/bin/ld -m elf_x86_64'
LDFLAGS=' -L/usr/lib64'
LIBOBJS=''
LIBS='-lpq -lpq '
LIBTOOL='$(SHELL) $(top_builddir)/libtool'
LIPO=''
LN_S='ln -s'
LTLIBOBJS=''
MAINT='#'
MAINTAINER_MODE_FALSE=''
MAINTAINER_MODE_TRUE='#'
MAKEINFO='${SHELL} /home/pjahoda/Desktop/libpqxx-5.0/config/missing makeinfo'
MANIFEST_TOOL=':'
MKDIR='/usr/bin/mkdir'
MKDIR_P='/usr/bin/mkdir -p'
NM='/usr/bin/nm -B'
NMEDIT=''
OBJDUMP='objdump'
OBJEXT='o'
OTOOL64=''
OTOOL=''
PACKAGE='libpqxx'
PACKAGE_BUGREPORT='Jeroen T. Vermeulen <jtv@xs4all.nl>'
PACKAGE_NAME='libpqxx'
PACKAGE_STRING='libpqxx 5.0'
PACKAGE_TARNAME='libpqxx'
PACKAGE_URL=''
PACKAGE_VERSION='5.0'
PATH_SEPARATOR=':'
PG_CONFIG='/usr/bin/pg_config'
PKG_CONFIG='/usr/bin/pkg-config'
POSTGRES_INCLUDE='-I/usr/include'
POSTGRES_LIB=''
PQXXVERSION='5.0'
PQXX_ABI='5.0'
PQXX_MAJOR='5'
PQXX_MINOR='0'
RANLIB='ranlib'
SED='/usr/bin/sed'
SET_MAKE=''
SHELL='/bin/sh'
STRIP='strip'
VERSION='5.0'
XMLTO=''
ac_ct_AR='ar'
ac_ct_CC='gcc'
ac_ct_CXX='g++'
ac_ct_DUMPBIN=''
am__EXEEXT_FALSE=''
am__EXEEXT_TRUE='#'
am__fastdepCC_FALSE='#'
am__fastdepCC_TRUE=''
am__fastdepCXX_FALSE='#'
am__fastdepCXX_TRUE=''
am__include='include'
am__isrc=''
am__leading_dot='.'
am__nodep='_no'
am__quote=''
am__tar='$${TAR-tar} chof - "$$tardir"'
am__untar='$${TAR-tar} xf -'
bindir='${exec_prefix}/bin'
build='x86_64-unknown-linux-gnu'
build_alias=''
build_cpu='x86_64'
build_os='linux-gnu'
build_vendor='unknown'
datadir='${datarootdir}'
datarootdir='${prefix}/share'
docdir='${datarootdir}/doc/${PACKAGE_TARNAME}'
dvidir='${docdir}'
exec_prefix='${prefix}'
host='x86_64-unknown-linux-gnu'
host_alias=''
host_cpu='x86_64'
host_os='linux-gnu'
host_vendor='unknown'
htmldir='${docdir}'
includedir='${prefix}/include'
infodir='${datarootdir}/info'
install_sh='${SHELL} /home/pjahoda/Desktop/libpqxx-5.0/config/install-sh'
libdir='${exec_prefix}/lib'
libexecdir='${exec_prefix}/libexec'
localedir='${datarootdir}/locale'
localstatedir='${prefix}/var'
mandir='${datarootdir}/man'
mkdir_p='$(MKDIR_P)'
oldincludedir='/usr/include'
pdfdir='${docdir}'
prefix='/usr/local'
program_transform_name='s,x,x,'
psdir='${docdir}'
sbindir='${exec_prefix}/sbin'
sharedstatedir='${prefix}/com'
sysconfdir='${prefix}/etc'
target_alias=''
with_postgres_include='/usr/include'
with_postgres_lib='/usr/lib64'

## ----------- ##
## confdefs.h. ##
## ----------- ##

/* confdefs.h */
#define PACKAGE_NAME "libpqxx"
#define PACKAGE_TARNAME "libpqxx"
#define PACKAGE_VERSION "5.0"
#define PACKAGE_STRING "libpqxx 5.0"
#define PACKAGE_BUGREPORT "Jeroen T. Vermeulen <jtv@xs4all.nl>"
#define PACKAGE_URL ""
#define PACKAGE "libpqxx"
#define VERSION "5.0"
#define STDC_HEADERS 1
#define HAVE_SYS_TYPES_H 1
#define HAVE_SYS_STAT_H 1
#define HAVE_STDLIB_H 1
#define HAVE_STRING_H 1
#define HAVE_MEMORY_H 1
#define HAVE_STRINGS_H 1
#define HAVE_INTTYPES_H 1
#define HAVE_STDINT_H 1
#define HAVE_UNISTD_H 1
#define HAVE_DLFCN_H 1
#define LT_OBJDIR ".libs/"
#define PQXX_HAVE_GCC_VISIBILITY 1
#define PQXX_HAVE_GCC_CONST 1
#define PQXX_HAVE_DEPRECATED 1
#define PQXX_HAVE_GCC_DEPRECATED 1
#define PQXX_HAVE_NORETURN 1
#define PQXX_HAVE_GCC_NORETURN 1
#define PQXX_HAVE_GCC_PURE 1
#define PQXX_HAVE_NOEXCEPT 1
#define PQXX_HAVE_OVERRIDE 1
#define PQXX_HAVE_DELETED_OP 1
#define PQXX_HAVE_FINAL 1
#define PQXX_HAVE_CPP_WARNING 1
#define PQXX_HAVE_CPP_PRAGMA_MESSAGE 1
#define STDC_HEADERS 1
#define HAVE_LIBPQ 1
#define HAVE_LIBPQ 1
#define PQXX_HAVE_STRERROR_R 1
#define PQXX_HAVE_STRERROR_R_GNU 1
#define PQXX_HAVE_SYS_SELECT_H 1
#define PQXX_HAVE_POLL 1
#define PQXX_SELECT_ACCEPTS_NULL 1
#define PQXX_HAVE_SLEEP 1
#define PQXX_HAVE_ISNAN 1
#define PQXX_HAVE_ISINF 1
#define PQXX_HAVE_DISTANCE 1
#define PQXX_HAVE_SHARED_PTR 1
#define PQXX_HAVE_UNIQUE_PTR 1
#define PQXX_HAVE_MOVE 1

configure: exit 0
